<?xml version="1.0" encoding="UTF-8"?>
<!-- Generated by org.testng.reporters.JUnitReportReporter -->
<testsuite hostname="DESKTOP-L1UF7SU" failures="0" tests="1" name="testng.ExploringAssertions" time="0.013" errors="0" timestamp="2023-11-13T09:19:37 IST" skipped="0">
  <testcase classname="testng.ExploringAssertions" name="matching" time="0.013"/>
  <system-out/>
</testsuite> <!-- testng.ExploringAssertions -->
