<?xml version="1.0" encoding="UTF-8"?>
<!-- Generated by org.testng.reporters.JUnitReportReporter -->
<testsuite hostname="DESKTOP-L1UF7SU" failures="0" tests="13" name="testng.InvocationCount" time="0.027" errors="0" timestamp="2023-11-09T09:23:40 IST" skipped="0">
  <testcase classname="testng.InvocationCount" name="help" time="0.001"/>
  <system-out/>
  <testcase classname="testng.InvocationCount" name="help" time="0.001"/>
  <system-out/>
  <testcase classname="testng.InvocationCount" name="help" time="0.002"/>
  <system-out/>
  <testcase classname="testng.InvocationCount" name="login" time="0.002"/>
  <system-out/>
  <testcase classname="testng.InvocationCount" name="logout" time="0.001"/>
  <system-out/>
  <testcase classname="testng.InvocationCount" name="login" time="0.013"/>
  <system-out/>
  <testcase classname="testng.InvocationCount" name="home" time="0.000"/>
  <system-out/>
  <testcase classname="testng.InvocationCount" name="help" time="0.001"/>
  <system-out/>
  <testcase classname="testng.InvocationCount" name="home" time="0.002"/>
  <system-out/>
  <testcase classname="testng.InvocationCount" name="home" time="0.001"/>
  <system-out/>
  <testcase classname="testng.InvocationCount" name="home" time="0.000"/>
  <system-out/>
  <testcase classname="testng.InvocationCount" name="home" time="0.002"/>
  <system-out/>
  <testcase classname="testng.InvocationCount" name="help" time="0.001"/>
  <system-out/>
</testsuite> <!-- testng.InvocationCount -->
