<?xml version="1.0" encoding="UTF-8"?>
<!-- Generated by org.testng.reporters.JUnitReportReporter -->
<testsuite hostname="DESKTOP-L1UF7SU" failures="0" tests="1" name="testNGEcecution.TC_01" time="5.289" errors="0" timestamp="2023-11-10T09:49:38 IST" skipped="0">
  <testcase classname="testNGEcecution.TC_01" name="navigatingToAmazon" time="5.289"/>
  <system-out/>
</testsuite> <!-- testNGEcecution.TC_01 -->
