<?xml version="1.0" encoding="UTF-8"?>
<!-- Generated by org.testng.reporters.JUnitReportReporter -->
<testsuite hostname="DESKTOP-L1UF7SU" failures="0" tests="4" name="testng.DependsOnMethods" time="0.015" errors="0" timestamp="2023-11-09T09:15:43 IST" skipped="0">
  <testcase classname="testng.DependsOnMethods" name="help" time="0.001"/>
  <system-out/>
  <testcase classname="testng.DependsOnMethods" name="logout" time="0.001"/>
  <system-out/>
  <testcase classname="testng.DependsOnMethods" name="login" time="0.012"/>
  <system-out/>
  <testcase classname="testng.DependsOnMethods" name="home" time="0.001"/>
  <system-out/>
</testsuite> <!-- testng.DependsOnMethods -->
