<?xml version="1.0" encoding="UTF-8"?>
<!-- Generated by org.testng.reporters.JUnitReportReporter -->
<testsuite hostname="DESKTOP-L1UF7SU" failures="0" tests="2" name="testNGEcecution.CrossBrowserExecution" time="7.242" errors="0" timestamp="2023-11-10T21:27:35 IST" skipped="0">
  <testcase classname="testNGEcecution.CrossBrowserExecution" name="demo" time="4.338"/>
  <system-out/>
  <testcase classname="testNGEcecution.CrossBrowserExecution" name="demo" time="2.904"/>
  <system-out/>
</testsuite> <!-- testNGEcecution.CrossBrowserExecution -->
