<?xml version="1.0" encoding="UTF-8"?>
<!-- Generated by org.testng.reporters.JUnitReportReporter -->
<testsuite hostname="DESKTOP-L1UF7SU" failures="0" tests="1" name="testNGEcecution.TC_03" time="6.293" errors="0" timestamp="2023-11-10T09:49:38 IST" skipped="0">
  <testcase classname="testNGEcecution.TC_03" name="navigatingToAjio" time="6.293"/>
  <system-out/>
</testsuite> <!-- testNGEcecution.TC_03 -->
