<?xml version="1.0" encoding="UTF-8"?>
<!-- Generated by org.testng.reporters.JUnitReportReporter -->
<testsuite hostname="DESKTOP-L1UF7SU" failures="0" tests="1" name="testng.Testing" time="0.011" errors="0" timestamp="2023-11-08T09:23:57 IST" skipped="0">
  <testcase classname="testng.Testing" name="demo" time="0.011"/>
  <system-out/>
</testsuite> <!-- testng.Testing -->
