<?xml version="1.0" encoding="UTF-8"?>
<!-- Generated by org.testng.reporters.JUnitReportReporter -->
<testsuite hostname="DESKTOP-L1UF7SU" failures="0" tests="3" name="testng.InvocationCountAndThreadPoolSize" time="23.734" errors="0" timestamp="2023-11-09T16:11:46 IST" skipped="0">
  <testcase classname="testng.InvocationCountAndThreadPoolSize" name="login" time="8.903"/>
  <system-out/>
  <testcase classname="testng.InvocationCountAndThreadPoolSize" name="login" time="5.115"/>
  <system-out/>
  <testcase classname="testng.InvocationCountAndThreadPoolSize" name="login" time="9.716"/>
  <system-out/>
</testsuite> <!-- testng.InvocationCountAndThreadPoolSize -->
