<?xml version="1.0" encoding="UTF-8"?>
<!-- Generated by org.testng.reporters.JUnitReportReporter -->
<testsuite hostname="DESKTOP-L1UF7SU" failures="0" tests="1" name="testNGEcecution.DemoForParameter" time="0.012" errors="0" timestamp="2023-11-10T10:11:04 IST" skipped="0">
  <testcase classname="testNGEcecution.DemoForParameter" name="demo" time="0.012"/>
  <system-out/>
</testsuite> <!-- testNGEcecution.DemoForParameter -->
