<?xml version="1.0" encoding="UTF-8"?>
<!-- Generated by org.testng.reporters.JUnitReportReporter -->
<testsuite hostname="DESKTOP-L1UF7SU" failures="0" tests="4" name="testng.PrioritizeTestCase" time="0.012" errors="0" timestamp="2023-11-08T10:20:25 IST" skipped="0">
  <testcase classname="testng.PrioritizeTestCase" name="login" time="0.009"/>
  <system-out/>
  <testcase classname="testng.PrioritizeTestCase" name="home" time="0.001"/>
  <system-out/>
  <testcase classname="testng.PrioritizeTestCase" name="help" time="0.001"/>
  <system-out/>
  <testcase classname="testng.PrioritizeTestCase" name="logout" time="0.001"/>
  <system-out/>
</testsuite> <!-- testng.PrioritizeTestCase -->
