<?xml version="1.0" encoding="UTF-8"?>
<!-- Generated by org.testng.reporters.JUnitReportReporter -->
<testsuite hostname="DESKTOP-L1UF7SU" failures="0" tests="3" name="testng.DisabledTestCases" time="0.009" errors="0" timestamp="2023-11-09T09:45:54 IST" skipped="1">
  <testcase classname="testng.DisabledTestCases" name="login" time="0.009"/>
  <system-out/>
  <testcase classname="testng.DisabledTestCases" name="logout" time="0.000"/>
  <system-out/>
  <testcase classname="testng.DisabledTestCases" name="home">
    <skipped/>
  </testcase> <!-- home -->
  <system-out/>
</testsuite> <!-- testng.DisabledTestCases -->
