<?xml version="1.0" encoding="UTF-8"?>
<!-- Generated by org.testng.reporters.JUnitReportReporter -->
<testsuite hostname="DESKTOP-L1UF7SU" failures="0" tests="4" name="testNGEcecution.ConfigurationAnnotations" time="0.014" errors="0" timestamp="2023-11-11T09:29:21 IST" skipped="0">
  <testcase classname="testNGEcecution.ConfigurationAnnotations" name="method3" time="0.002"/>
  <system-out/>
  <testcase classname="testNGEcecution.ConfigurationAnnotations" name="method1" time="0.008"/>
  <system-out/>
  <testcase classname="testNGEcecution.ConfigurationAnnotations" name="method2" time="0.002"/>
  <system-out/>
  <testcase classname="testNGEcecution.ConfigurationAnnotations" name="method4" time="0.002"/>
  <system-out/>
</testsuite> <!-- testNGEcecution.ConfigurationAnnotations -->
