<?xml version="1.0" encoding="UTF-8"?>
<!-- Generated by org.testng.reporters.JUnitReportReporter -->
<testsuite hostname="DESKTOP-L1UF7SU" failures="0" tests="1" name="testNGEcecution.GeneratingReports" time="5.516" errors="0" timestamp="2023-11-11T09:58:41 IST" skipped="0">
  <testcase classname="testNGEcecution.GeneratingReports" name="testcase" time="5.516"/>
  <system-out>
    <![CDATA[browser is launched
browser is maximized
browser is navigated to google
browser is closed]]>
  </system-out>
</testsuite> <!-- testNGEcecution.GeneratingReports -->
